c:\users\florian\desktop\se3\se3\release\0main0.obj
c:\users\florian\desktop\se3\se3\release\var.obj
c:\users\florian\desktop\se3\se3\release\enteredinput.obj
c:\users\florian\desktop\se3\se3\release\retourable.obj
c:\users\florian\desktop\se3\se3\release\boutonswitch.obj
c:\users\florian\desktop\se3\se3\release\fonction.obj
c:\users\florian\desktop\se3\se3\release\arg.obj
c:\users\florian\desktop\se3\se3\release\hud.obj
c:\users\florian\desktop\se3\se3\release\bouton.obj
c:\users\florian\desktop\se3\se3\release\panneau.obj
c:\users\florian\desktop\se3\se3\release\stdafx.obj
c:\users\florian\desktop\se3\se3\release\res.obj
c:\users\florian\desktop\se3\se3\release\boutonsegment.obj
c:\users\florian\desktop\se3\se3\release\boutonview.obj
c:\users\florian\desktop\se3\se3\release\writter.obj
c:\users\florian\desktop\se3\se3\release\curseur.obj
c:\users\florian\desktop\se3\se3\release\se3.exe
c:\users\florian\desktop\se3\se3\release\se3.pdb
c:\users\florian\desktop\se3\se3\release\vc120.pdb
c:\users\florian\desktop\se3\se3\release\se3.tlog\cl.command.1.tlog
c:\users\florian\desktop\se3\se3\release\se3.tlog\cl.read.1.tlog
c:\users\florian\desktop\se3\se3\release\se3.tlog\cl.write.1.tlog
c:\users\florian\desktop\se3\se3\release\se3.tlog\link.command.1.tlog
c:\users\florian\desktop\se3\se3\release\se3.tlog\link.read.1.tlog
c:\users\florian\desktop\se3\se3\release\se3.tlog\link.write.1.tlog
