c:\users\florian\desktop\se qt\sqt\release\vc120.pdb
c:\users\florian\desktop\se qt\sqt\release\qrc_sqt.obj
c:\users\florian\desktop\se qt\sqt\release\moc_brushcontroller.obj
c:\users\florian\desktop\se qt\sqt\release\moc_layerpanel.obj
c:\users\florian\desktop\se qt\sqt\release\moc_toolcontroller.obj
c:\users\florian\desktop\se qt\sqt\release\app.obj
c:\users\florian\desktop\se qt\sqt\release\colorcontroller.obj
c:\users\florian\desktop\se qt\sqt\release\layer_transf.obj
c:\users\florian\desktop\se qt\sqt\release\toolcontroller.obj
c:\users\florian\desktop\se qt\sqt\release\pot.obj
c:\users\florian\desktop\se qt\sqt\release\writter.obj
c:\users\florian\desktop\se qt\sqt\release\layerpanel.obj
c:\users\florian\desktop\se qt\sqt\release\viewlabel.obj
c:\users\florian\desktop\se qt\sqt\release\verticallayout.obj
c:\users\florian\desktop\se qt\sqt\release\moc_app.obj
c:\users\florian\desktop\se qt\sqt\release\moc_infopanel.obj
c:\users\florian\desktop\se qt\sqt\release\moc_state2button.obj
c:\users\florian\desktop\se qt\sqt\release\moc_verticallayout.obj
c:\users\florian\desktop\se qt\sqt\release\brushcircleoutline.obj
c:\users\florian\desktop\se qt\sqt\release\layer.obj
c:\users\florian\desktop\se qt\sqt\release\toolcolormodifier.obj
c:\users\florian\desktop\se qt\sqt\release\gomme.obj
c:\users\florian\desktop\se qt\sqt\release\arg.obj
c:\users\florian\desktop\se qt\sqt\release\retour.obj
c:\users\florian\desktop\se qt\sqt\release\signalcolor.obj
c:\users\florian\desktop\se qt\sqt\release\tooloptionpanel.obj
c:\users\florian\desktop\se qt\sqt\release\state2button.obj
c:\users\florian\desktop\se qt\sqt\release\moc_copycontroller.obj
c:\users\florian\desktop\se qt\sqt\release\moc_layerlist.obj
c:\users\florian\desktop\se qt\sqt\release\moc_tooloptionpanel.obj
c:\users\florian\desktop\se qt\sqt\release\brushcontroller.obj
c:\users\florian\desktop\se qt\sqt\release\curseur.obj
c:\users\florian\desktop\se qt\sqt\release\selec_modify.obj
c:\users\florian\desktop\se qt\sqt\release\crayon.obj
c:\users\florian\desktop\se qt\sqt\release\snap.obj
c:\users\florian\desktop\se qt\sqt\release\infopanel.obj
c:\users\florian\desktop\se qt\sqt\release\mainqt.obj
c:\users\florian\desktop\se qt\sqt\release\tabobject.obj
c:\users\florian\desktop\se qt\sqt\release\moc_colorcontroller.obj
c:\users\florian\desktop\se qt\sqt\release\moc_layercontroller.obj
c:\users\florian\desktop\se qt\sqt\release\moc_selec.obj
c:\users\florian\desktop\se qt\sqt\release\moc_toolwidget.obj
c:\users\florian\desktop\se qt\sqt\release\brushcircle.obj
c:\users\florian\desktop\se qt\sqt\release\input.obj
c:\users\florian\desktop\se qt\sqt\release\tool.obj
c:\users\florian\desktop\se qt\sqt\release\flip.obj
c:\users\florian\desktop\se qt\sqt\release\seleccolor.obj
c:\users\florian\desktop\se qt\sqt\release\colorpanel.obj
c:\users\florian\desktop\se qt\sqt\release\w_gui.obj
c:\users\florian\desktop\se qt\sqt\release\tabsfml.obj
c:\users\florian\desktop\se qt\sqt\release\moc_brush.obj
c:\users\florian\desktop\se qt\sqt\release\moc_layer.obj
c:\users\florian\desktop\se qt\sqt\release\moc_sqt.obj
c:\users\florian\desktop\se qt\sqt\release\moc_w_gui.obj
c:\users\florian\desktop\se qt\sqt\release\copycontroller.obj
c:\users\florian\desktop\se qt\sqt\release\selec.obj
c:\users\florian\desktop\se qt\sqt\release\baguette.obj
c:\users\florian\desktop\se qt\sqt\release\rotation.obj
c:\users\florian\desktop\se qt\sqt\release\optioncolor.obj
c:\users\florian\desktop\se qt\sqt\release\spriteanim.obj
c:\users\florian\desktop\se qt\sqt\release\spriteanim_core.obj
c:\users\florian\desktop\se qt\sqt\release\retourable.obj
c:\users\florian\desktop\se qt\sqt\release\signalcontroller.obj
c:\users\florian\desktop\se qt\sqt\release\toolwidget.obj
c:\users\florian\desktop\se qt\sqt\release\clicklabel.obj
c:\users\florian\desktop\se qt\sqt\release\moc_colorpanel.obj
c:\users\florian\desktop\se qt\sqt\release\moc_rframe.obj
c:\users\florian\desktop\se qt\sqt\release\moc_tabobject.obj
c:\users\florian\desktop\se qt\sqt\release\moc_viewlabel.obj
c:\users\florian\desktop\se qt\sqt\release\brushsquareoutline.obj
c:\users\florian\desktop\se qt\sqt\release\layer_retour.obj
c:\users\florian\desktop\se qt\sqt\release\toolpixelchecker.obj
c:\users\florian\desktop\se qt\sqt\release\grand.obj
c:\users\florian\desktop\se qt\sqt\release\var.obj
c:\users\florian\desktop\se qt\sqt\release\layerlist.obj
c:\users\florian\desktop\se qt\sqt\release\sfml.obj
c:\users\florian\desktop\se qt\sqt\release\moc_clicklabel.obj
c:\users\florian\desktop\se qt\sqt\release\moc_input.obj
c:\users\florian\desktop\se qt\sqt\release\moc_signalcolor.obj
c:\users\florian\desktop\se qt\sqt\release\moc_toolpanel.obj
c:\users\florian\desktop\se qt\sqt\release\brushsquare.obj
c:\users\florian\desktop\se qt\sqt\release\layercontroller.obj
c:\users\florian\desktop\se qt\sqt\release\toolliner.obj
c:\users\florian\desktop\se qt\sqt\release\move.obj
c:\users\florian\desktop\se qt\sqt\release\fonction.obj
c:\users\florian\desktop\se qt\sqt\release\spriteview.obj
c:\users\florian\desktop\se qt\sqt\release\sqt.obj
c:\users\florian\desktop\se qt\sqt\release\moc_copy.obj
c:\users\florian\desktop\se qt\sqt\release\moc_mainqt.obj
c:\users\florian\desktop\se qt\sqt\release\moc_spriteview.obj
c:\users\florian\desktop\se qt\sqt\release\enteredinput.obj
c:\users\florian\desktop\se qt\sqt\release\brush.obj
c:\users\florian\desktop\se qt\sqt\release\copy.obj
c:\users\florian\desktop\se qt\sqt\release\res.obj
c:\users\florian\desktop\se qt\sqt\release\aero.obj
c:\users\florian\desktop\se qt\sqt\release\rectselec.obj
c:\users\florian\desktop\se qt\sqt\release\main.obj
c:\users\florian\desktop\se qt\sqt\release\toolpanel.obj
c:\users\florian\desktop\se qt\sqt\release\rframe.obj
c:\users\florian\desktop\se qt\sqt\generatedfiles\qrc_sqt.cpp
c:\users\florian\desktop\se qt\sqt\generatedfiles\release\moc_w_gui.cpp
c:\users\florian\desktop\se qt\sqt\generatedfiles\release\moc_toolpanel.cpp
c:\users\florian\desktop\se qt\sqt\generatedfiles\release\moc_toolwidget.cpp
c:\users\florian\desktop\se qt\sqt\generatedfiles\release\moc_tooloptionpanel.cpp
c:\users\florian\desktop\se qt\sqt\generatedfiles\release\moc_spriteview.cpp
c:\users\florian\desktop\se qt\sqt\generatedfiles\release\moc_layerlist.cpp
c:\users\florian\desktop\se qt\sqt\generatedfiles\release\moc_layerpanel.cpp
c:\users\florian\desktop\se qt\sqt\generatedfiles\release\moc_infopanel.cpp
c:\users\florian\desktop\se qt\sqt\generatedfiles\release\moc_colorpanel.cpp
c:\users\florian\desktop\se qt\sqt\generatedfiles\release\moc_verticallayout.cpp
c:\users\florian\desktop\se qt\sqt\generatedfiles\release\moc_tabobject.cpp
c:\users\florian\desktop\se qt\sqt\generatedfiles\release\moc_state2button.cpp
c:\users\florian\desktop\se qt\sqt\generatedfiles\release\moc_rframe.cpp
c:\users\florian\desktop\se qt\sqt\generatedfiles\release\moc_viewlabel.cpp
c:\users\florian\desktop\se qt\sqt\generatedfiles\release\moc_clicklabel.cpp
c:\users\florian\desktop\se qt\sqt\generatedfiles\release\moc_sqt.cpp
c:\users\florian\desktop\se qt\sqt\generatedfiles\release\moc_mainqt.cpp
c:\users\florian\desktop\se qt\sqt\generatedfiles\release\moc_brush.cpp
c:\users\florian\desktop\se qt\sqt\generatedfiles\release\moc_brushcontroller.cpp
c:\users\florian\desktop\se qt\sqt\generatedfiles\release\moc_app.cpp
c:\users\florian\desktop\se qt\sqt\generatedfiles\release\moc_colorcontroller.cpp
c:\users\florian\desktop\se qt\sqt\generatedfiles\release\moc_copy.cpp
c:\users\florian\desktop\se qt\sqt\generatedfiles\release\moc_copycontroller.cpp
c:\users\florian\desktop\se qt\sqt\generatedfiles\release\moc_input.cpp
c:\users\florian\desktop\se qt\sqt\generatedfiles\release\moc_layer.cpp
c:\users\florian\desktop\se qt\sqt\generatedfiles\release\moc_layercontroller.cpp
c:\users\florian\desktop\se qt\sqt\generatedfiles\release\moc_selec.cpp
c:\users\florian\desktop\se qt\sqt\generatedfiles\release\moc_toolcontroller.cpp
c:\users\florian\desktop\se qt\sqt\generatedfiles\release\moc_signalcolor.cpp
c:\users\florian\desktop\se qt\sqt\generatedfiles\ui_colorpanel.h
c:\users\florian\desktop\se qt\sqt\generatedfiles\ui_gui.h
c:\users\florian\desktop\se qt\sqt\generatedfiles\ui_infopanel.h
c:\users\florian\desktop\se qt\sqt\generatedfiles\ui_layerlist.h
c:\users\florian\desktop\se qt\sqt\generatedfiles\ui_layerpanel.h
c:\users\florian\desktop\se qt\sqt\generatedfiles\ui_sqt.h
c:\users\florian\desktop\se qt\sqt\generatedfiles\ui_tooloptionpanel.h
c:\users\florian\desktop\se qt\sqt\generatedfiles\ui_toolpanel.h
c:\users\florian\desktop\se qt\sqt\win32\release\sqt.exe
c:\users\florian\desktop\se qt\sqt\win32\release\sqt.pdb
c:\users\florian\desktop\se qt\sqt\release\sqt.res
c:\users\florian\desktop\se qt\sqt\release\sqt.tlog\cl.command.1.tlog
c:\users\florian\desktop\se qt\sqt\release\sqt.tlog\cl.read.1.tlog
c:\users\florian\desktop\se qt\sqt\release\sqt.tlog\cl.write.1.tlog
c:\users\florian\desktop\se qt\sqt\release\sqt.tlog\custombuild.command.1.tlog
c:\users\florian\desktop\se qt\sqt\release\sqt.tlog\custombuild.read.1.tlog
c:\users\florian\desktop\se qt\sqt\release\sqt.tlog\custombuild.write.1.tlog
c:\users\florian\desktop\se qt\sqt\release\sqt.tlog\link.command.1.tlog
c:\users\florian\desktop\se qt\sqt\release\sqt.tlog\link.read.1.tlog
c:\users\florian\desktop\se qt\sqt\release\sqt.tlog\link.write.1.tlog
c:\users\florian\desktop\se qt\sqt\release\sqt.tlog\rc.command.1.tlog
c:\users\florian\desktop\se qt\sqt\release\sqt.tlog\rc.read.1.tlog
c:\users\florian\desktop\se qt\sqt\release\sqt.tlog\rc.write.1.tlog
