  0MAIN0.cpp
c:\users\florian\desktop\se qt\sqt\stdafx.h(4): fatal error C1083: Impossible d'ouvrir le fichier include : 'SFML/Graphics.hpp' : No such file or directory
  Aero.cpp
c:\users\florian\desktop\se qt\sqt\stdafx.h(4): fatal error C1083: Impossible d'ouvrir le fichier include : 'SFML/Graphics.hpp' : No such file or directory
  App.cpp
c:\users\florian\desktop\se qt\sqt\stdafx.h(4): fatal error C1083: Impossible d'ouvrir le fichier include : 'SFML/Graphics.hpp' : No such file or directory
  Arg.cpp
c:\users\florian\desktop\se qt\sqt\Arg.h(3): fatal error C1083: Impossible d'ouvrir le fichier include : 'SFML/Graphics.hpp' : No such file or directory
  Baguette.cpp
c:\users\florian\desktop\se qt\sqt\stdafx.h(4): fatal error C1083: Impossible d'ouvrir le fichier include : 'SFML/Graphics.hpp' : No such file or directory
  Bouton.cpp
c:\users\florian\desktop\se qt\sqt\stdafx.h(4): fatal error C1083: Impossible d'ouvrir le fichier include : 'SFML/Graphics.hpp' : No such file or directory
  BoutonActive.cpp
c:\users\florian\desktop\se qt\sqt\stdafx.h(4): fatal error C1083: Impossible d'ouvrir le fichier include : 'SFML/Graphics.hpp' : No such file or directory
  BoutonDisplay.cpp
c:\users\florian\desktop\se qt\sqt\stdafx.h(4): fatal error C1083: Impossible d'ouvrir le fichier include : 'SFML/Graphics.hpp' : No such file or directory
  BoutonSegment.cpp
c:\users\florian\desktop\se qt\sqt\stdafx.h(4): fatal error C1083: Impossible d'ouvrir le fichier include : 'SFML/Graphics.hpp' : No such file or directory
  BoutonSwitch.cpp
c:\users\florian\desktop\se qt\sqt\stdafx.h(4): fatal error C1083: Impossible d'ouvrir le fichier include : 'SFML/Graphics.hpp' : No such file or directory
  BoutonView.cpp
c:\users\florian\desktop\se qt\sqt\stdafx.h(4): fatal error C1083: Impossible d'ouvrir le fichier include : 'SFML/Graphics.hpp' : No such file or directory
  Brosse.cpp
c:\users\florian\desktop\se qt\sqt\stdafx.h(4): fatal error C1083: Impossible d'ouvrir le fichier include : 'SFML/Graphics.hpp' : No such file or directory
  Calque.cpp
c:\users\florian\desktop\se qt\sqt\stdafx.h(4): fatal error C1083: Impossible d'ouvrir le fichier include : 'SFML/Graphics.hpp' : No such file or directory
  Calque_gui.cpp
c:\users\florian\desktop\se qt\sqt\stdafx.h(4): fatal error C1083: Impossible d'ouvrir le fichier include : 'SFML/Graphics.hpp' : No such file or directory
  Calque_retour.cpp
c:\users\florian\desktop\se qt\sqt\stdafx.h(4): fatal error C1083: Impossible d'ouvrir le fichier include : 'SFML/Graphics.hpp' : No such file or directory
  Calque_static.cpp
c:\users\florian\desktop\se qt\sqt\stdafx.h(4): fatal error C1083: Impossible d'ouvrir le fichier include : 'SFML/Graphics.hpp' : No such file or directory
  Calque_transf.cpp
c:\users\florian\desktop\se qt\sqt\stdafx.h(4): fatal error C1083: Impossible d'ouvrir le fichier include : 'SFML/Graphics.hpp' : No such file or directory
  Copy.cpp
c:\users\florian\desktop\se qt\sqt\stdafx.h(4): fatal error C1083: Impossible d'ouvrir le fichier include : 'SFML/Graphics.hpp' : No such file or directory
  Crayon.cpp
c:\users\florian\desktop\se qt\sqt\stdafx.h(4): fatal error C1083: Impossible d'ouvrir le fichier include : 'SFML/Graphics.hpp' : No such file or directory
  Curseur.cpp
c:\users\florian\desktop\se qt\sqt\stdafx.h(4): fatal error C1083: Impossible d'ouvrir le fichier include : 'SFML/Graphics.hpp' : No such file or directory
  Génération de code en cours...
  Compilation en cours...
  EnteredInput.cpp
c:\users\florian\desktop\se qt\sqt\stdafx.h(4): fatal error C1083: Impossible d'ouvrir le fichier include : 'SFML/Graphics.hpp' : No such file or directory
  Flip.cpp
c:\users\florian\desktop\se qt\sqt\stdafx.h(4): fatal error C1083: Impossible d'ouvrir le fichier include : 'SFML/Graphics.hpp' : No such file or directory
  Fonction.cpp
c:\users\florian\desktop\se qt\sqt\stdafx.h(4): fatal error C1083: Impossible d'ouvrir le fichier include : 'SFML/Graphics.hpp' : No such file or directory
  moc_SQT.cpp
c:\users\florian\desktop\se qt\sqt\stdafx.h(4): fatal error C1083: Impossible d'ouvrir le fichier include : 'SFML/Graphics.hpp' : No such file or directory
  moc_w_Gui.cpp
c:\users\florian\desktop\se qt\sqt\stdafx.h(4): fatal error C1083: Impossible d'ouvrir le fichier include : 'SFML/Graphics.hpp' : No such file or directory
  Gomme.cpp
c:\users\florian\desktop\se qt\sqt\stdafx.h(4): fatal error C1083: Impossible d'ouvrir le fichier include : 'SFML/Graphics.hpp' : No such file or directory
  Grand.cpp
c:\users\florian\desktop\se qt\sqt\stdafx.h(4): fatal error C1083: Impossible d'ouvrir le fichier include : 'SFML/Graphics.hpp' : No such file or directory
  Gui.cpp
c:\users\florian\desktop\se qt\sqt\stdafx.h(4): fatal error C1083: Impossible d'ouvrir le fichier include : 'SFML/Graphics.hpp' : No such file or directory
  Hud.cpp
c:\users\florian\desktop\se qt\sqt\stdafx.h(4): fatal error C1083: Impossible d'ouvrir le fichier include : 'SFML/Graphics.hpp' : No such file or directory
  Input.cpp
c:\users\florian\desktop\se qt\sqt\stdafx.h(4): fatal error C1083: Impossible d'ouvrir le fichier include : 'SFML/Graphics.hpp' : No such file or directory
  main.cpp
c:\users\florian\desktop\se qt\sqt\stdafx.h(4): fatal error C1083: Impossible d'ouvrir le fichier include : 'SFML/Graphics.hpp' : No such file or directory
  Move.cpp
c:\users\florian\desktop\se qt\sqt\stdafx.h(4): fatal error C1083: Impossible d'ouvrir le fichier include : 'SFML/Graphics.hpp' : No such file or directory
  OptionColor.cpp
c:\users\florian\desktop\se qt\sqt\stdafx.h(4): fatal error C1083: Impossible d'ouvrir le fichier include : 'SFML/Graphics.hpp' : No such file or directory
  Outil.cpp
c:\users\florian\desktop\se qt\sqt\stdafx.h(4): fatal error C1083: Impossible d'ouvrir le fichier include : 'SFML/Graphics.hpp' : No such file or directory
  Panneau.cpp
c:\users\florian\desktop\se qt\sqt\stdafx.h(4): fatal error C1083: Impossible d'ouvrir le fichier include : 'SFML/Graphics.hpp' : No such file or directory
  PanneauControler.cpp
c:\users\florian\desktop\se qt\sqt\stdafx.h(4): fatal error C1083: Impossible d'ouvrir le fichier include : 'SFML/Graphics.hpp' : No such file or directory
  PanneauControler_retour.cpp
c:\users\florian\desktop\se qt\sqt\stdafx.h(4): fatal error C1083: Impossible d'ouvrir le fichier include : 'SFML/Graphics.hpp' : No such file or directory
  Panneau_static.cpp
c:\users\florian\desktop\se qt\sqt\stdafx.h(4): fatal error C1083: Impossible d'ouvrir le fichier include : 'SFML/Graphics.hpp' : No such file or directory
  Pot.cpp
c:\users\florian\desktop\se qt\sqt\stdafx.h(4): fatal error C1083: Impossible d'ouvrir le fichier include : 'SFML/Graphics.hpp' : No such file or directory
  RectSelec.cpp
c:\users\florian\desktop\se qt\sqt\stdafx.h(4): fatal error C1083: Impossible d'ouvrir le fichier include : 'SFML/Graphics.hpp' : No such file or directory
  Génération de code en cours...
  Compilation en cours...
  Res.cpp
c:\users\florian\desktop\se qt\sqt\stdafx.h(4): fatal error C1083: Impossible d'ouvrir le fichier include : 'SFML/Graphics.hpp' : No such file or directory
  Retour.cpp
c:\users\florian\desktop\se qt\sqt\stdafx.h(4): fatal error C1083: Impossible d'ouvrir le fichier include : 'SFML/Graphics.hpp' : No such file or directory
  Rotation.cpp
c:\users\florian\desktop\se qt\sqt\stdafx.h(4): fatal error C1083: Impossible d'ouvrir le fichier include : 'SFML/Graphics.hpp' : No such file or directory
  Selec.cpp
c:\users\florian\desktop\se qt\sqt\stdafx.h(4): fatal error C1083: Impossible d'ouvrir le fichier include : 'SFML/Graphics.hpp' : No such file or directory
  SelecColor.cpp
c:\users\florian\desktop\se qt\sqt\stdafx.h(4): fatal error C1083: Impossible d'ouvrir le fichier include : 'SFML/Graphics.hpp' : No such file or directory
  SFML.cpp
c:\users\florian\desktop\se qt\sqt\stdafx.h(4): fatal error C1083: Impossible d'ouvrir le fichier include : 'SFML/Graphics.hpp' : No such file or directory
  Snap.cpp
c:\users\florian\desktop\se qt\sqt\stdafx.h(4): fatal error C1083: Impossible d'ouvrir le fichier include : 'SFML/Graphics.hpp' : No such file or directory
  SpriteAnim.cpp
c:\users\florian\desktop\se qt\sqt\stdafx.h(4): fatal error C1083: Impossible d'ouvrir le fichier include : 'SFML/Graphics.hpp' : No such file or directory
  SpriteAnim_core.cpp
c:\users\florian\desktop\se qt\sqt\stdafx.h(4): fatal error C1083: Impossible d'ouvrir le fichier include : 'SFML/Graphics.hpp' : No such file or directory
  SQT.cpp
c:\users\florian\desktop\se qt\sqt\stdafx.h(4): fatal error C1083: Impossible d'ouvrir le fichier include : 'SFML/Graphics.hpp' : No such file or directory
  StateMachine.cpp
c:\users\florian\desktop\se qt\sqt\stdafx.h(4): fatal error C1083: Impossible d'ouvrir le fichier include : 'SFML/Graphics.hpp' : No such file or directory
  TabSFML.cpp
c:\users\florian\desktop\se qt\sqt\stdafx.h(4): fatal error C1083: Impossible d'ouvrir le fichier include : 'SFML/Graphics.hpp' : No such file or directory
  Var.cpp
c:\users\florian\desktop\se qt\sqt\stdafx.h(4): fatal error C1083: Impossible d'ouvrir le fichier include : 'SFML/Graphics.hpp' : No such file or directory
  Writter.cpp
c:\users\florian\desktop\se qt\sqt\stdafx.h(4): fatal error C1083: Impossible d'ouvrir le fichier include : 'SFML/Graphics.hpp' : No such file or directory
  w_Gui.cpp
c:\users\florian\desktop\se qt\sqt\stdafx.h(4): fatal error C1083: Impossible d'ouvrir le fichier include : 'SFML/Graphics.hpp' : No such file or directory
  Génération de code en cours...
